<?xml version="1.0" encoding="UTF-8"?>
<!-- Generated by org.testng.reporters.JUnitReportReporter -->
<testsuite skipped="0" hostname="E3480-Djyoti" name="com.httpmethod.ValidateProductApi" tests="4" failures="0" timestamp="14 Jul 2020 00:54:43 GMT" time="3.486" errors="0">
  <testcase name="validateSignIn" time="2.815" classname="com.httpmethod.ValidateProductApi"/>
  <testcase name="validateAddProduct" time="0.521" classname="com.httpmethod.ValidateProductApi"/>
  <testcase name="validateSearchProductWithId" time="0.094" classname="com.httpmethod.ValidateProductApi"/>
  <testcase name="validateDeleteProduct" time="0.056" classname="com.httpmethod.ValidateProductApi"/>
</testsuite> <!-- com.httpmethod.ValidateProductApi -->
