<?xml version="1.0" encoding="UTF-8"?>
<!-- Generated by org.testng.reporters.JUnitReportReporter -->
<testsuite skipped="0" hostname="E3480-Djyoti" name="com.httpmethod.ValidateProductApiFinal" tests="4" failures="0" timestamp="13 Jul 2020 03:37:11 GMT" time="1.749" errors="0">
  <testcase name="validateSignIn" time="1.612" classname="com.httpmethod.ValidateProductApiFinal"/>
  <testcase name="validateAddProduct" time="0.046" classname="com.httpmethod.ValidateProductApiFinal"/>
  <testcase name="validatSearchWithProductId" time="0.058" classname="com.httpmethod.ValidateProductApiFinal"/>
  <testcase name="validateDeleteProduct" time="0.033" classname="com.httpmethod.ValidateProductApiFinal"/>
</testsuite> <!-- com.httpmethod.ValidateProductApiFinal -->
