<?xml version="1.0" encoding="UTF-8"?>
<!-- Generated by org.testng.reporters.JUnitReportReporter -->
<testsuite skipped="0" hostname="E3480-Djyoti" name="com.httpmethod.UsersApi" tests="3" failures="0" timestamp="10 Jul 2020 04:38:18 GMT" time="2.885" errors="0">
  <testcase name="validateAllExistingUsersDetails" time="1.982" classname="com.httpmethod.UsersApi"/>
  <testcase name="validateSingleUserDetails" time="0.282" classname="com.httpmethod.UsersApi"/>
  <testcase name="validateCreateSingleUser" time="0.621" classname="com.httpmethod.UsersApi"/>
</testsuite> <!-- com.httpmethod.UsersApi -->
